C:\Users\Tecdall\source\repos\MinhaApiCompleta\src\DevIO.Api\wwwroot\dist\out-tsc\app\produtos\models\Produto.js
C:\Users\Tecdall\source\repos\MinhaApiCompleta\src\DevIO.Api\wwwroot\dist\out-tsc\app\produtos\models\Produto.js.map
C:\Users\Tecdall\source\repos\MinhaApiCompleta\src\DevIO.Api\wwwroot\dist\out-tsc\app\produtos\models\Fornecedor.js
C:\Users\Tecdall\source\repos\MinhaApiCompleta\src\DevIO.Api\wwwroot\dist\out-tsc\app\produtos\models\Fornecedor.js.map
C:\Users\Tecdall\source\repos\MinhaApiCompleta\src\DevIO.Api\wwwroot\dist\out-tsc\app\base\baseService.js
C:\Users\Tecdall\source\repos\MinhaApiCompleta\src\DevIO.Api\wwwroot\dist\out-tsc\app\base\baseService.js.map
C:\Users\Tecdall\source\repos\MinhaApiCompleta\src\DevIO.Api\wwwroot\dist\out-tsc\app\produtos\services\produtoService.js
C:\Users\Tecdall\source\repos\MinhaApiCompleta\src\DevIO.Api\wwwroot\dist\out-tsc\app\produtos\services\produtoService.js.map
C:\Users\Tecdall\source\repos\MinhaApiCompleta\src\DevIO.Api\wwwroot\dist\out-tsc\app\produtos\cadastro\cadastro.component.js
C:\Users\Tecdall\source\repos\MinhaApiCompleta\src\DevIO.Api\wwwroot\dist\out-tsc\app\produtos\cadastro\cadastro.component.js.map
C:\Users\Tecdall\source\repos\MinhaApiCompleta\src\DevIO.Api\wwwroot\dist\out-tsc\app\produtos\lista\lista.component.js
C:\Users\Tecdall\source\repos\MinhaApiCompleta\src\DevIO.Api\wwwroot\dist\out-tsc\app\produtos\lista\lista.component.js.map
C:\Users\Tecdall\source\repos\MinhaApiCompleta\src\DevIO.Api\wwwroot\dist\out-tsc\app\user\user.js
C:\Users\Tecdall\source\repos\MinhaApiCompleta\src\DevIO.Api\wwwroot\dist\out-tsc\app\user\user.js.map
C:\Users\Tecdall\source\repos\MinhaApiCompleta\src\DevIO.Api\wwwroot\dist\out-tsc\app\user\userService.js
C:\Users\Tecdall\source\repos\MinhaApiCompleta\src\DevIO.Api\wwwroot\dist\out-tsc\app\user\userService.js.map
C:\Users\Tecdall\source\repos\MinhaApiCompleta\src\DevIO.Api\wwwroot\dist\out-tsc\app\user\login\login.component.js
C:\Users\Tecdall\source\repos\MinhaApiCompleta\src\DevIO.Api\wwwroot\dist\out-tsc\app\user\login\login.component.js.map
C:\Users\Tecdall\source\repos\MinhaApiCompleta\src\DevIO.Api\wwwroot\dist\out-tsc\app\app-routing.module.js
C:\Users\Tecdall\source\repos\MinhaApiCompleta\src\DevIO.Api\wwwroot\dist\out-tsc\app\app-routing.module.js.map
C:\Users\Tecdall\source\repos\MinhaApiCompleta\src\DevIO.Api\wwwroot\dist\out-tsc\app\app.component.js
C:\Users\Tecdall\source\repos\MinhaApiCompleta\src\DevIO.Api\wwwroot\dist\out-tsc\app\app.component.js.map
C:\Users\Tecdall\source\repos\MinhaApiCompleta\src\DevIO.Api\wwwroot\dist\out-tsc\app\user\menu\menu.user.component.js
C:\Users\Tecdall\source\repos\MinhaApiCompleta\src\DevIO.Api\wwwroot\dist\out-tsc\app\user\menu\menu.user.component.js.map
C:\Users\Tecdall\source\repos\MinhaApiCompleta\src\DevIO.Api\wwwroot\dist\out-tsc\app\base\menu\menu.component.js
C:\Users\Tecdall\source\repos\MinhaApiCompleta\src\DevIO.Api\wwwroot\dist\out-tsc\app\base\menu\menu.component.js.map
C:\Users\Tecdall\source\repos\MinhaApiCompleta\src\DevIO.Api\wwwroot\dist\out-tsc\app\app.module.js
C:\Users\Tecdall\source\repos\MinhaApiCompleta\src\DevIO.Api\wwwroot\dist\out-tsc\app\app.module.js.map
C:\Users\Tecdall\source\repos\MinhaApiCompleta\src\DevIO.Api\wwwroot\dist\out-tsc\environments\environment.js
C:\Users\Tecdall\source\repos\MinhaApiCompleta\src\DevIO.Api\wwwroot\dist\out-tsc\environments\environment.js.map
C:\Users\Tecdall\source\repos\MinhaApiCompleta\src\DevIO.Api\wwwroot\dist\out-tsc\main.js
C:\Users\Tecdall\source\repos\MinhaApiCompleta\src\DevIO.Api\wwwroot\dist\out-tsc\main.js.map
C:\Users\Tecdall\source\repos\MinhaApiCompleta\src\DevIO.Api\wwwroot\dist\out-tsc\polyfills.js
C:\Users\Tecdall\source\repos\MinhaApiCompleta\src\DevIO.Api\wwwroot\dist\out-tsc\polyfills.js.map
C:\Users\Tecdall\source\repos\MinhaApiCompleta\src\DevIO.Api\wwwroot\dist\out-tsc\test.js
C:\Users\Tecdall\source\repos\MinhaApiCompleta\src\DevIO.Api\wwwroot\dist\out-tsc\test.js.map
C:\Users\Tecdall\source\repos\MinhaApiCompleta\src\DevIO.Api\wwwroot\dist\out-tsc\environments\environment.prod.js
C:\Users\Tecdall\source\repos\MinhaApiCompleta\src\DevIO.Api\wwwroot\dist\out-tsc\environments\environment.prod.js.map
